0 info it worked if it ends with ok
1 verbose cli [ 'c:\\Program Files\\nodejs\\node.exe',
1 verbose cli   'c:\\Program Files\\nodejs\\node_modules\\npm\\bin\\npm-cli.js',
1 verbose cli   'run',
1 verbose cli   'tsc' ]
2 info using npm@2.14.9
3 info using node@v0.12.9
4 verbose run-script [ 'pretsc', 'tsc', 'posttsc' ]
5 info pretsc todo-angular2@1.0.0
6 info tsc todo-angular2@1.0.0
7 verbose unsafe-perm in lifecycle true
8 info todo-angular2@1.0.0 Failed to exec tsc script
9 verbose stack Error: todo-angular2@1.0.0 tsc: `tsc`
9 verbose stack Exit status 2
9 verbose stack     at EventEmitter.<anonymous> (C:\Users\blackleee\AppData\Roaming\nvm\v0.12.9\node_modules\npm\lib\utils\lifecycle.js:214:16)
9 verbose stack     at EventEmitter.emit (events.js:110:17)
9 verbose stack     at ChildProcess.<anonymous> (C:\Users\blackleee\AppData\Roaming\nvm\v0.12.9\node_modules\npm\lib\utils\spawn.js:24:14)
9 verbose stack     at ChildProcess.emit (events.js:110:17)
9 verbose stack     at maybeClose (child_process.js:1016:16)
9 verbose stack     at Process.ChildProcess._handle.onexit (child_process.js:1088:5)
10 verbose pkgid todo-angular2@1.0.0
11 verbose cwd c:\dev2\todo-angular2
12 error Windows_NT 6.3.9600
13 error argv "c:\\Program Files\\nodejs\\node.exe" "c:\\Program Files\\nodejs\\node_modules\\npm\\bin\\npm-cli.js" "run" "tsc"
14 error node v0.12.9
15 error npm  v2.14.9
16 error code ELIFECYCLE
17 error todo-angular2@1.0.0 tsc: `tsc`
17 error Exit status 2
18 error Failed at the todo-angular2@1.0.0 tsc script 'tsc'.
18 error This is most likely a problem with the todo-angular2 package,
18 error not with npm itself.
18 error Tell the author that this fails on your system:
18 error     tsc
18 error You can get their info via:
18 error     npm owner ls todo-angular2
18 error There is likely additional logging output above.
19 verbose exit [ 1, true ]
